2022/10/15 20:31:10 [crit] 1#1: pread() "/etc/nginx/conf.d/nginx.conf" failed (21: Is a directory)
2022/10/15 20:32:23 [crit] 1#1: pread() "/etc/nginx/conf.d/nginx.conf" failed (21: Is a directory)
2022/10/15 20:35:35 [crit] 1#1: pread() "/etc/nginx/conf.d/nginx.conf" failed (21: Is a directory)
2022/10/15 20:36:14 [crit] 1#1: pread() "/etc/nginx/conf.d/nginx.conf" failed (21: Is a directory)
2022/10/15 20:40:37 [crit] 1#1: pread() "/etc/nginx/conf.d/nginx.conf" failed (21: Is a directory)
2022/10/15 20:41:12 [crit] 1#1: pread() "/etc/nginx/conf.d/nginx.conf" failed (21: Is a directory)
2022/10/15 20:42:10 [crit] 1#1: pread() "/etc/nginx/conf.d/nginx.conf" failed (21: Is a directory)
2022/10/15 20:43:25 [crit] 1#1: pread() "/etc/nginx/conf.d/nginx.conf" failed (21: Is a directory)
2022/10/15 20:45:24 [warn] 1#1: conflicting server name "localhost" on 0.0.0.0:80, ignored
2022/10/15 20:45:24 [notice] 1#1: using the "epoll" event method
2022/10/15 20:45:24 [notice] 1#1: nginx/1.22.0
2022/10/15 20:45:24 [notice] 1#1: built by gcc 11.2.1 20220219 (Alpine 11.2.1_git20220219) 
2022/10/15 20:45:24 [notice] 1#1: OS: Linux 5.10.124-linuxkit
2022/10/15 20:45:24 [notice] 1#1: getrlimit(RLIMIT_NOFILE): 1048576:1048576
2022/10/15 20:45:24 [notice] 1#1: start worker processes
2022/10/15 20:45:24 [notice] 1#1: start worker process 31
2022/10/15 20:45:24 [notice] 1#1: start worker process 32
2022/10/15 20:45:24 [notice] 1#1: start worker process 33
2022/10/15 20:45:24 [notice] 1#1: start worker process 34
2022/10/15 20:45:58 [error] 31#31: *2 open() "/usr/share/nginx/html/index" failed (2: No such file or directory), client: 172.26.0.1, server: localhost, request: "GET /index HTTP/1.1", host: "127.0.0.1"
2022/10/15 20:46:05 [error] 31#31: *2 open() "/usr/share/nginx/html/admin/application" failed (2: No such file or directory), client: 172.26.0.1, server: localhost, request: "GET /admin/application HTTP/1.1", host: "127.0.0.1"
2022/10/15 20:46:08 [error] 31#31: *2 open() "/usr/share/nginx/html/admin/application/admin" failed (2: No such file or directory), client: 172.26.0.1, server: localhost, request: "GET /admin/application/admin HTTP/1.1", host: "127.0.0.1"
2022/10/15 20:46:20 [error] 31#31: *2 open() "/usr/share/nginx/html/admin/application/admin" failed (2: No such file or directory), client: 172.26.0.1, server: localhost, request: "GET /admin/application/admin HTTP/1.1", host: "127.0.0.1"
2022/10/15 20:46:20 [error] 31#31: *2 open() "/usr/share/nginx/html/admin/application/admin" failed (2: No such file or directory), client: 172.26.0.1, server: localhost, request: "GET /admin/application/admin HTTP/1.1", host: "127.0.0.1"
2022/10/15 20:50:35 [notice] 1#1: signal 3 (SIGQUIT) received, shutting down
2022/10/15 20:50:35 [notice] 31#31: gracefully shutting down
2022/10/15 20:50:35 [notice] 34#34: gracefully shutting down
2022/10/15 20:50:35 [notice] 33#33: gracefully shutting down
2022/10/15 20:50:35 [notice] 32#32: gracefully shutting down
2022/10/15 20:50:35 [notice] 31#31: exiting
2022/10/15 20:50:35 [notice] 33#33: exiting
2022/10/15 20:50:35 [notice] 34#34: exiting
2022/10/15 20:50:35 [notice] 32#32: exiting
2022/10/15 20:50:35 [notice] 33#33: exit
2022/10/15 20:50:35 [notice] 31#31: exit
2022/10/15 20:50:35 [notice] 34#34: exit
2022/10/15 20:50:35 [notice] 32#32: exit
2022/10/15 20:50:35 [notice] 1#1: signal 17 (SIGCHLD) received from 31
2022/10/15 20:50:35 [notice] 1#1: worker process 31 exited with code 0
2022/10/15 20:50:35 [notice] 1#1: signal 29 (SIGIO) received
2022/10/15 20:50:35 [notice] 1#1: signal 17 (SIGCHLD) received from 32
2022/10/15 20:50:35 [notice] 1#1: worker process 32 exited with code 0
2022/10/15 20:50:35 [notice] 1#1: signal 29 (SIGIO) received
2022/10/15 20:50:35 [notice] 1#1: signal 17 (SIGCHLD) received from 34
2022/10/15 20:50:35 [notice] 1#1: worker process 33 exited with code 0
2022/10/15 20:50:35 [notice] 1#1: worker process 34 exited with code 0
2022/10/15 20:50:35 [notice] 1#1: signal 17 (SIGCHLD) received from 33
2022/10/15 20:50:35 [notice] 1#1: exit
2022/10/17 03:24:39 [warn] 1#1: conflicting server name "localhost" on 0.0.0.0:80, ignored
2022/10/17 03:24:39 [notice] 1#1: using the "epoll" event method
2022/10/17 03:24:39 [notice] 1#1: nginx/1.22.0
2022/10/17 03:24:39 [notice] 1#1: built by gcc 11.2.1 20220219 (Alpine 11.2.1_git20220219) 
2022/10/17 03:24:39 [notice] 1#1: OS: Linux 5.10.124-linuxkit
2022/10/17 03:24:39 [notice] 1#1: getrlimit(RLIMIT_NOFILE): 1048576:1048576
2022/10/17 03:24:39 [notice] 1#1: start worker processes
2022/10/17 03:24:39 [notice] 1#1: start worker process 32
2022/10/17 03:24:39 [notice] 1#1: start worker process 33
2022/10/17 03:24:39 [notice] 1#1: start worker process 34
2022/10/17 03:24:39 [notice] 1#1: start worker process 35
2022/10/17 03:25:33 [error] 32#32: *1 open() "/usr/share/nginx/html/admin" failed (2: No such file or directory), client: 172.18.0.1, server: localhost, request: "GET /admin HTTP/1.1", host: "127.0.0.1"
2022/10/17 03:25:37 [error] 32#32: *1 open() "/usr/share/nginx/html/admin/application" failed (2: No such file or directory), client: 172.18.0.1, server: localhost, request: "GET /admin/application HTTP/1.1", host: "127.0.0.1"
2022/10/17 03:25:56 [error] 32#32: *1 open() "/usr/share/nginx/html/favicon.ico" failed (2: No such file or directory), client: 172.18.0.1, server: localhost, request: "GET /favicon.ico HTTP/1.1", host: "127.0.0.1", referrer: "http://127.0.0.1/"
2022/10/17 03:29:13 [notice] 1#1: signal 3 (SIGQUIT) received, shutting down
2022/10/17 03:29:13 [notice] 34#34: gracefully shutting down
2022/10/17 03:29:13 [notice] 34#34: exiting
2022/10/17 03:29:13 [notice] 33#33: gracefully shutting down
2022/10/17 03:29:13 [notice] 32#32: gracefully shutting down
2022/10/17 03:29:13 [notice] 32#32: exiting
2022/10/17 03:29:13 [notice] 35#35: gracefully shutting down
2022/10/17 03:29:13 [notice] 35#35: exiting
2022/10/17 03:29:13 [notice] 34#34: exit
2022/10/17 03:29:13 [notice] 33#33: exiting
2022/10/17 03:29:13 [notice] 32#32: exit
2022/10/17 03:29:13 [notice] 35#35: exit
2022/10/17 03:29:13 [notice] 33#33: exit
2022/10/17 03:29:13 [notice] 1#1: signal 17 (SIGCHLD) received from 34
2022/10/17 03:29:13 [notice] 1#1: worker process 34 exited with code 0
2022/10/17 03:29:13 [notice] 1#1: signal 29 (SIGIO) received
2022/10/17 03:29:13 [notice] 1#1: signal 17 (SIGCHLD) received from 32
2022/10/17 03:29:13 [notice] 1#1: worker process 32 exited with code 0
2022/10/17 03:29:13 [notice] 1#1: signal 29 (SIGIO) received
2022/10/17 03:29:13 [notice] 1#1: signal 17 (SIGCHLD) received from 33
2022/10/17 03:29:13 [notice] 1#1: worker process 33 exited with code 0
2022/10/17 03:29:13 [notice] 1#1: worker process 35 exited with code 0
2022/10/17 03:29:13 [notice] 1#1: exit
2022/10/17 03:29:13 [warn] 1#1: conflicting server name "localhost" on 0.0.0.0:80, ignored
2022/10/17 03:29:13 [notice] 1#1: using the "epoll" event method
2022/10/17 03:29:13 [notice] 1#1: nginx/1.22.0
2022/10/17 03:29:13 [notice] 1#1: built by gcc 11.2.1 20220219 (Alpine 11.2.1_git20220219) 
2022/10/17 03:29:13 [notice] 1#1: OS: Linux 5.10.124-linuxkit
2022/10/17 03:29:13 [notice] 1#1: getrlimit(RLIMIT_NOFILE): 1048576:1048576
2022/10/17 03:29:13 [notice] 1#1: start worker processes
2022/10/17 03:29:13 [notice] 1#1: start worker process 24
2022/10/17 03:29:13 [notice] 1#1: start worker process 25
2022/10/17 03:29:13 [notice] 1#1: start worker process 26
2022/10/17 03:29:13 [notice] 1#1: start worker process 27
2022/10/17 03:40:35 [notice] 1#1: signal 3 (SIGQUIT) received, shutting down
2022/10/17 03:40:35 [notice] 24#24: gracefully shutting down
2022/10/17 03:40:35 [notice] 25#25: gracefully shutting down
2022/10/17 03:40:35 [notice] 27#27: gracefully shutting down
2022/10/17 03:40:35 [notice] 27#27: exiting
2022/10/17 03:40:35 [notice] 26#26: gracefully shutting down
2022/10/17 03:40:35 [notice] 24#24: exiting
2022/10/17 03:40:35 [notice] 25#25: exiting
2022/10/17 03:40:35 [notice] 25#25: exit
2022/10/17 03:40:35 [notice] 27#27: exit
2022/10/17 03:40:35 [notice] 26#26: exiting
2022/10/17 03:40:35 [notice] 24#24: exit
2022/10/17 03:40:35 [notice] 26#26: exit
2022/10/17 03:40:35 [notice] 1#1: signal 17 (SIGCHLD) received from 27
2022/10/17 03:40:35 [notice] 1#1: worker process 25 exited with code 0
2022/10/17 03:40:35 [notice] 1#1: worker process 27 exited with code 0
2022/10/17 03:40:35 [notice] 1#1: signal 29 (SIGIO) received
2022/10/17 03:40:35 [notice] 1#1: signal 17 (SIGCHLD) received from 25
2022/10/17 03:40:35 [notice] 1#1: signal 17 (SIGCHLD) received from 24
2022/10/17 03:40:35 [notice] 1#1: worker process 24 exited with code 0
2022/10/17 03:40:35 [notice] 1#1: signal 29 (SIGIO) received
2022/10/17 03:40:35 [notice] 1#1: signal 17 (SIGCHLD) received from 26
2022/10/17 03:40:35 [notice] 1#1: worker process 26 exited with code 0
2022/10/17 03:40:35 [notice] 1#1: exit
2022/10/17 03:59:52 [warn] 1#1: conflicting server name "localhost" on 0.0.0.0:80, ignored
2022/10/17 03:59:52 [notice] 1#1: using the "epoll" event method
2022/10/17 03:59:52 [notice] 1#1: nginx/1.22.0
2022/10/17 03:59:52 [notice] 1#1: built by gcc 11.2.1 20220219 (Alpine 11.2.1_git20220219) 
2022/10/17 03:59:52 [notice] 1#1: OS: Linux 5.10.124-linuxkit
2022/10/17 03:59:52 [notice] 1#1: getrlimit(RLIMIT_NOFILE): 1048576:1048576
2022/10/17 03:59:52 [notice] 1#1: start worker processes
2022/10/17 03:59:52 [notice] 1#1: start worker process 24
2022/10/17 03:59:52 [notice] 1#1: start worker process 25
2022/10/17 03:59:52 [notice] 1#1: start worker process 26
2022/10/17 03:59:52 [notice] 1#1: start worker process 27
2022/10/17 04:00:01 [error] 24#24: *1 "/usr/share/nginx/html/www/index.html" is not found (2: No such file or directory), client: 172.18.0.1, server: localhost, request: "GET /www/ HTTP/1.1", host: "localhost"
2022/10/17 04:00:01 [error] 24#24: *1 open() "/usr/share/nginx/html/favicon.ico" failed (2: No such file or directory), client: 172.18.0.1, server: localhost, request: "GET /favicon.ico HTTP/1.1", host: "localhost", referrer: "http://localhost/www/"
2022/10/17 07:11:45 [notice] 1#1: signal 3 (SIGQUIT) received, shutting down
2022/10/17 07:11:45 [notice] 24#24: gracefully shutting down
2022/10/17 07:11:45 [notice] 25#25: gracefully shutting down
2022/10/17 07:11:45 [notice] 26#26: gracefully shutting down
2022/10/17 07:11:45 [notice] 27#27: gracefully shutting down
2022/10/17 07:11:45 [notice] 24#24: exiting
2022/10/17 07:11:45 [notice] 25#25: exiting
2022/10/17 07:11:45 [notice] 26#26: exiting
2022/10/17 07:11:45 [notice] 26#26: exit
2022/10/17 07:11:45 [notice] 27#27: exiting
2022/10/17 07:11:45 [notice] 27#27: exit
2022/10/17 07:11:45 [notice] 24#24: exit
2022/10/17 07:11:45 [notice] 25#25: exit
2022/10/17 07:11:45 [notice] 1#1: signal 17 (SIGCHLD) received from 26
2022/10/17 07:11:45 [notice] 1#1: worker process 26 exited with code 0
2022/10/17 07:11:45 [notice] 1#1: signal 29 (SIGIO) received
2022/10/17 07:11:45 [notice] 1#1: signal 17 (SIGCHLD) received from 27
2022/10/17 07:11:45 [notice] 1#1: worker process 25 exited with code 0
2022/10/17 07:11:45 [notice] 1#1: worker process 27 exited with code 0
2022/10/17 07:11:45 [notice] 1#1: signal 17 (SIGCHLD) received from 25
2022/10/17 07:11:45 [notice] 1#1: worker process 24 exited with code 0
2022/10/17 07:11:45 [notice] 1#1: exit
2022/10/17 07:35:16 [warn] 1#1: conflicting server name "localhost" on 0.0.0.0:80, ignored
2022/10/17 07:35:16 [notice] 1#1: using the "epoll" event method
2022/10/17 07:35:16 [notice] 1#1: nginx/1.22.0
2022/10/17 07:35:16 [notice] 1#1: built by gcc 11.2.1 20220219 (Alpine 11.2.1_git20220219) 
2022/10/17 07:35:16 [notice] 1#1: OS: Linux 5.10.124-linuxkit
2022/10/17 07:35:16 [notice] 1#1: getrlimit(RLIMIT_NOFILE): 1048576:1048576
2022/10/17 07:35:16 [notice] 1#1: start worker processes
2022/10/17 07:35:16 [notice] 1#1: start worker process 23
2022/10/17 07:35:16 [notice] 1#1: start worker process 24
2022/10/17 07:35:16 [notice] 1#1: start worker process 25
2022/10/17 07:35:16 [notice] 1#1: start worker process 26
2022/10/17 07:35:48 [notice] 1#1: signal 3 (SIGQUIT) received, shutting down
2022/10/17 07:35:48 [notice] 24#24: gracefully shutting down
2022/10/17 07:35:48 [notice] 23#23: gracefully shutting down
2022/10/17 07:35:48 [notice] 23#23: exiting
2022/10/17 07:35:48 [notice] 26#26: gracefully shutting down
2022/10/17 07:35:48 [notice] 26#26: exiting
2022/10/17 07:35:48 [notice] 25#25: gracefully shutting down
2022/10/17 07:35:48 [notice] 24#24: exiting
2022/10/17 07:35:48 [notice] 23#23: exit
2022/10/17 07:35:48 [notice] 26#26: exit
2022/10/17 07:35:48 [notice] 25#25: exiting
2022/10/17 07:35:48 [notice] 24#24: exit
2022/10/17 07:35:48 [notice] 25#25: exit
2022/10/17 07:35:48 [notice] 1#1: signal 17 (SIGCHLD) received from 23
2022/10/17 07:35:48 [notice] 1#1: worker process 23 exited with code 0
2022/10/17 07:35:48 [notice] 1#1: signal 29 (SIGIO) received
2022/10/17 07:35:48 [notice] 1#1: signal 17 (SIGCHLD) received from 26
2022/10/17 07:35:48 [notice] 1#1: worker process 26 exited with code 0
2022/10/17 07:35:48 [notice] 1#1: signal 29 (SIGIO) received
2022/10/17 07:35:48 [notice] 1#1: signal 17 (SIGCHLD) received from 25
2022/10/17 07:35:48 [notice] 1#1: worker process 24 exited with code 0
2022/10/17 07:35:48 [notice] 1#1: worker process 25 exited with code 0
2022/10/17 07:35:48 [notice] 1#1: exit
2022/10/17 07:37:19 [warn] 1#1: conflicting server name "localhost" on 0.0.0.0:80, ignored
2022/10/17 07:37:19 [notice] 1#1: using the "epoll" event method
2022/10/17 07:37:19 [notice] 1#1: nginx/1.22.0
2022/10/17 07:37:19 [notice] 1#1: built by gcc 11.2.1 20220219 (Alpine 11.2.1_git20220219) 
2022/10/17 07:37:19 [notice] 1#1: OS: Linux 5.10.124-linuxkit
2022/10/17 07:37:19 [notice] 1#1: getrlimit(RLIMIT_NOFILE): 1048576:1048576
2022/10/17 07:37:19 [notice] 1#1: start worker processes
2022/10/17 07:37:19 [notice] 1#1: start worker process 24
2022/10/17 07:37:19 [notice] 1#1: start worker process 25
2022/10/17 07:37:19 [notice] 1#1: start worker process 26
2022/10/17 07:37:19 [notice] 1#1: start worker process 27
2022/10/17 07:39:55 [notice] 1#1: signal 3 (SIGQUIT) received, shutting down
2022/10/17 07:39:55 [notice] 24#24: gracefully shutting down
2022/10/17 07:39:55 [notice] 25#25: gracefully shutting down
2022/10/17 07:39:55 [notice] 27#27: gracefully shutting down
2022/10/17 07:39:55 [notice] 26#26: gracefully shutting down
2022/10/17 07:39:55 [notice] 26#26: exiting
2022/10/17 07:39:55 [notice] 24#24: exiting
2022/10/17 07:39:55 [notice] 25#25: exiting
2022/10/17 07:39:55 [notice] 25#25: exit
2022/10/17 07:39:55 [notice] 27#27: exiting
2022/10/17 07:39:55 [notice] 26#26: exit
2022/10/17 07:39:55 [notice] 24#24: exit
2022/10/17 07:39:55 [notice] 27#27: exit
2022/10/17 07:39:56 [notice] 1#1: signal 17 (SIGCHLD) received from 25
2022/10/17 07:39:56 [notice] 1#1: worker process 25 exited with code 0
2022/10/17 07:39:56 [notice] 1#1: signal 29 (SIGIO) received
2022/10/17 07:39:56 [notice] 1#1: signal 17 (SIGCHLD) received from 24
2022/10/17 07:39:56 [notice] 1#1: worker process 24 exited with code 0
2022/10/17 07:39:56 [notice] 1#1: worker process 26 exited with code 0
2022/10/17 07:39:56 [notice] 1#1: worker process 27 exited with code 0
2022/10/17 07:39:56 [notice] 1#1: exit
2022/10/17 07:42:00 [warn] 1#1: conflicting server name "localhost" on 0.0.0.0:80, ignored
2022/10/17 07:42:00 [notice] 1#1: using the "epoll" event method
2022/10/17 07:42:00 [notice] 1#1: nginx/1.22.0
2022/10/17 07:42:00 [notice] 1#1: built by gcc 11.2.1 20220219 (Alpine 11.2.1_git20220219) 
2022/10/17 07:42:00 [notice] 1#1: OS: Linux 5.10.124-linuxkit
2022/10/17 07:42:00 [notice] 1#1: getrlimit(RLIMIT_NOFILE): 1048576:1048576
2022/10/17 07:42:00 [notice] 1#1: start worker processes
2022/10/17 07:42:00 [notice] 1#1: start worker process 32
2022/10/17 07:42:00 [notice] 1#1: start worker process 33
2022/10/17 07:42:00 [notice] 1#1: start worker process 34
2022/10/17 07:42:00 [notice] 1#1: start worker process 35
2022/10/17 07:44:09 [notice] 1#1: signal 3 (SIGQUIT) received, shutting down
2022/10/17 07:44:09 [notice] 32#32: gracefully shutting down
2022/10/17 07:44:09 [notice] 32#32: exiting
2022/10/17 07:44:09 [notice] 34#34: gracefully shutting down
2022/10/17 07:44:09 [notice] 33#33: gracefully shutting down
2022/10/17 07:44:09 [notice] 35#35: gracefully shutting down
2022/10/17 07:44:09 [notice] 32#32: exit
2022/10/17 07:44:09 [notice] 34#34: exiting
2022/10/17 07:44:09 [notice] 33#33: exiting
2022/10/17 07:44:09 [notice] 33#33: exit
2022/10/17 07:44:09 [notice] 35#35: exiting
2022/10/17 07:44:09 [notice] 35#35: exit
2022/10/17 07:44:09 [notice] 34#34: exit
2022/10/17 07:44:09 [notice] 1#1: signal 17 (SIGCHLD) received from 32
2022/10/17 07:44:09 [notice] 1#1: worker process 32 exited with code 0
2022/10/17 07:44:09 [notice] 1#1: signal 29 (SIGIO) received
2022/10/17 07:44:09 [notice] 1#1: signal 17 (SIGCHLD) received from 34
2022/10/17 07:44:09 [notice] 1#1: worker process 34 exited with code 0
2022/10/17 07:44:09 [notice] 1#1: signal 29 (SIGIO) received
2022/10/17 07:44:09 [notice] 1#1: signal 17 (SIGCHLD) received from 35
2022/10/17 07:44:09 [notice] 1#1: worker process 35 exited with code 0
2022/10/17 07:44:09 [notice] 1#1: signal 29 (SIGIO) received
2022/10/17 07:44:09 [notice] 1#1: signal 17 (SIGCHLD) received from 33
2022/10/17 07:44:09 [notice] 1#1: worker process 33 exited with code 0
2022/10/17 07:44:09 [notice] 1#1: exit
2022/10/17 07:46:21 [warn] 1#1: conflicting server name "localhost" on 0.0.0.0:80, ignored
2022/10/17 07:46:21 [notice] 1#1: using the "epoll" event method
2022/10/17 07:46:21 [notice] 1#1: nginx/1.22.0
2022/10/17 07:46:21 [notice] 1#1: built by gcc 11.2.1 20220219 (Alpine 11.2.1_git20220219) 
2022/10/17 07:46:21 [notice] 1#1: OS: Linux 5.10.124-linuxkit
2022/10/17 07:46:21 [notice] 1#1: getrlimit(RLIMIT_NOFILE): 1048576:1048576
2022/10/17 07:46:21 [notice] 1#1: start worker processes
2022/10/17 07:46:21 [notice] 1#1: start worker process 31
2022/10/17 07:46:21 [notice] 1#1: start worker process 32
2022/10/17 07:46:21 [notice] 1#1: start worker process 33
2022/10/17 07:46:21 [notice] 1#1: start worker process 34
2022/10/17 07:58:36 [notice] 1#1: signal 3 (SIGQUIT) received, shutting down
2022/10/17 07:58:36 [notice] 33#33: gracefully shutting down
2022/10/17 07:58:36 [notice] 31#31: gracefully shutting down
2022/10/17 07:58:36 [notice] 34#34: gracefully shutting down
2022/10/17 07:58:36 [notice] 32#32: gracefully shutting down
2022/10/17 07:58:36 [notice] 32#32: exiting
2022/10/17 07:58:36 [notice] 33#33: exiting
2022/10/17 07:58:36 [notice] 31#31: exiting
2022/10/17 07:58:36 [notice] 34#34: exiting
2022/10/17 07:58:36 [notice] 32#32: exit
2022/10/17 07:58:36 [notice] 33#33: exit
2022/10/17 07:58:36 [notice] 31#31: exit
2022/10/17 07:58:36 [notice] 34#34: exit
2022/10/17 07:58:36 [notice] 1#1: signal 17 (SIGCHLD) received from 32
2022/10/17 07:58:36 [notice] 1#1: worker process 32 exited with code 0
2022/10/17 07:58:36 [notice] 1#1: signal 29 (SIGIO) received
2022/10/17 07:58:36 [notice] 1#1: signal 17 (SIGCHLD) received from 33
2022/10/17 07:58:36 [notice] 1#1: worker process 33 exited with code 0
2022/10/17 07:58:36 [notice] 1#1: worker process 34 exited with code 0
2022/10/17 07:58:36 [notice] 1#1: signal 29 (SIGIO) received
2022/10/17 07:58:36 [notice] 1#1: signal 17 (SIGCHLD) received from 31
2022/10/17 07:58:36 [notice] 1#1: worker process 31 exited with code 0
2022/10/17 07:58:36 [notice] 1#1: exit
